<?xml version="1.0" encoding="UTF-8"?>
<testsuite name="ohtuesimerkki.StatisticsTest" tests="4" skipped="0" failures="0" errors="0" timestamp="2017-03-25T13:18:01" hostname="/0:0:0:0:0:0:0:1%lo" time="0.004">
  <properties/>
  <testcase name="testTeam" classname="ohtuesimerkki.StatisticsTest" time="0.003"/>
  <testcase name="testTopScorers" classname="ohtuesimerkki.StatisticsTest" time="0.0"/>
  <testcase name="searchReturnsNull" classname="ohtuesimerkki.StatisticsTest" time="0.0"/>
  <testcase name="searchReturnsCorrectPlayer" classname="ohtuesimerkki.StatisticsTest" time="0.0"/>
  <system-out><![CDATA[]]></system-out>
  <system-err><![CDATA[]]></system-err>
</testsuite>
